e:\dsa1 engine jason\dsa1 engine jason\debug\vc140.pdb
d:\profiles\jcb5944\downloads\bauerj_dsa camera hw\dsa1 engine jason\dsa1 engine jason\debug\vc140.pdb
d:\profiles\jcb5944\downloads\bauerj_dsa camera hw\dsa1 engine jason\dsa1 engine jason\debug\vc140.idb
d:\profiles\jcb5944\downloads\bauerj_dsa camera hw\dsa1 engine jason\dsa1 engine jason\debug\camera.obj
d:\profiles\jcb5944\downloads\bauerj_dsa camera hw\dsa1 engine jason\dsa1 engine jason\debug\engine.obj
d:\profiles\jcb5944\downloads\bauerj_dsa camera hw\dsa1 engine jason\dsa1 engine jason\debug\object.obj
d:\profiles\jcb5944\downloads\bauerj_dsa camera hw\dsa1 engine jason\dsa1 engine jason\debug\shader.obj
d:\profiles\jcb5944\downloads\bauerj_dsa camera hw\dsa1 engine jason\dsa1 engine jason\debug\source.obj
d:\profiles\jcb5944\downloads\bauerj_dsa camera hw\dsa1 engine jason\dsa1 engine jason\debug\timer.obj
d:\profiles\jcb5944\downloads\bauerj_dsa camera hw\dsa1 engine jason\dsa1 engine jason\debug\model.obj
d:\profiles\jcb5944\downloads\bauerj_dsa camera hw\dsa1 engine jason\dsa1 engine jason\debug\texture.obj
\\banner.main.ad.rit.edu\students\jcb5944\igmprofile\documents\simsim\dsa1 engine jason\dsa1 engine jason\debug\vc140.pdb
\\banner.main.ad.rit.edu\students\jcb5944\igmprofile\documents\simsim\dsa1 engine jason\dsa1 engine jason\debug\vc140.idb
\\banner.main.ad.rit.edu\students\jcb5944\igmprofile\documents\simsim\dsa1 engine jason\dsa1 engine jason\debug\camera.obj
\\banner.main.ad.rit.edu\students\jcb5944\igmprofile\documents\simsim\dsa1 engine jason\dsa1 engine jason\debug\engine.obj
\\banner.main.ad.rit.edu\students\jcb5944\igmprofile\documents\simsim\dsa1 engine jason\dsa1 engine jason\debug\object.obj
\\banner.main.ad.rit.edu\students\jcb5944\igmprofile\documents\simsim\dsa1 engine jason\dsa1 engine jason\debug\shader.obj
\\banner.main.ad.rit.edu\students\jcb5944\igmprofile\documents\simsim\dsa1 engine jason\dsa1 engine jason\debug\source.obj
\\banner.main.ad.rit.edu\students\jcb5944\igmprofile\documents\simsim\dsa1 engine jason\dsa1 engine jason\debug\timer.obj
z:\igmprofile\documents\simsim\dsa1 engine jason\dsa1 engine jason\debug\vc140.pdb
z:\igmprofile\documents\simsim\dsa1 engine jason\dsa1 engine jason\debug\vc140.idb
z:\igmprofile\documents\simsim\dsa1 engine jason\dsa1 engine jason\debug\camera.obj
z:\igmprofile\documents\simsim\dsa1 engine jason\dsa1 engine jason\debug\engine.obj
z:\igmprofile\documents\simsim\dsa1 engine jason\dsa1 engine jason\debug\object.obj
z:\igmprofile\documents\simsim\dsa1 engine jason\dsa1 engine jason\debug\shader.obj
z:\igmprofile\documents\simsim\dsa1 engine jason\dsa1 engine jason\debug\source.obj
z:\igmprofile\documents\simsim\dsa1 engine jason\dsa1 engine jason\debug\timer.obj
e:\dsa1 engine jason\debug\dsa1 engine jason.ilk
e:\dsa1 engine jason\debug\dsa1 engine jason.exe
e:\dsa1 engine jason\debug\dsa1 engine jason.pdb
d:\profiles\jcb5944\downloads\bauerj_dsa camera hw\dsa1 engine jason\debug\dsa1 engine jason.ilk
d:\profiles\jcb5944\downloads\bauerj_dsa camera hw\dsa1 engine jason\debug\dsa1 engine jason.exe
d:\profiles\jcb5944\downloads\bauerj_dsa camera hw\dsa1 engine jason\debug\dsa1 engine jason.pdb
z:\igmprofile\documents\simsim\dsa1 engine jason\dsa1 engine jason\debug\model.obj
z:\igmprofile\documents\simsim\dsa1 engine jason\dsa1 engine jason\debug\texture.obj
z:\igmprofile\documents\simsim\dsa1 engine jason\debug\dsa1 engine jason.pdb
z:\igmprofile\documents\simsim\dsa1 engine jason\dsa1 engine jason\debug\dsa1 eng.db0eddb6.tlog\cl.command.1.tlog
z:\igmprofile\documents\simsim\dsa1 engine jason\dsa1 engine jason\debug\dsa1 eng.db0eddb6.tlog\cl.read.1.tlog
z:\igmprofile\documents\simsim\dsa1 engine jason\dsa1 engine jason\debug\dsa1 eng.db0eddb6.tlog\cl.write.1.tlog
z:\igmprofile\documents\simsim\dsa1 engine jason\dsa1 engine jason\debug\dsa1 eng.db0eddb6.tlog\link.command.1.tlog
z:\igmprofile\documents\simsim\dsa1 engine jason\dsa1 engine jason\debug\dsa1 eng.db0eddb6.tlog\link.read.1.tlog
z:\igmprofile\documents\simsim\dsa1 engine jason\dsa1 engine jason\debug\dsa1 eng.db0eddb6.tlog\link.write.1.tlog
z:\igmprofile\documents\simsim\dsa1 engine jason\dsa1 engine jason\debug\dsa1 eng.db0eddb6.tlog\link-rc.read.1.tlog
z:\igmprofile\documents\simsim\dsa1 engine jason\dsa1 engine jason\debug\dsa1 eng.db0eddb6.tlog\link-rc.write.1.tlog
z:\igmprofile\documents\simsim\dsa1 engine jason\dsa1 engine jason\debug\dsa1 eng.db0eddb6.tlog\link-cvtres.read.1.tlog
z:\igmprofile\documents\simsim\dsa1 engine jason\dsa1 engine jason\debug\dsa1 eng.db0eddb6.tlog\link-cvtres.write.1.tlog
